2020-01-15 16:36:34 DEBUG Injector:307 - Loading file META-INF/services/org.semanticweb.owlapi.model.OWLOntologyManager
2020-01-15 16:36:34 DEBUG Injector:400 - Loading URL for service jar:file:/Users/ttania/.m2/repository/net/sourceforge/owlapi/owlapi-distribution/5.1.12/owlapi-distribution-5.1.12.jar!/META-INF/services/org.semanticweb.owlapi.model.OWLOntologyManager
2020-01-15 16:36:34 DEBUG Injector:400 - Loading URL for service jar:file:/Users/ttania/.m2/repository/net/sourceforge/owlapi/owlapi-impl/5.1.12/owlapi-impl-5.1.12.jar!/META-INF/services/org.semanticweb.owlapi.model.OWLOntologyManager
2020-01-15 16:36:34 DEBUG Injector:400 - Loading URL for service jar:file:/Users/ttania/.m2/repository/net/sourceforge/owlapi/owlapi-distribution/5.1.12/owlapi-distribution-5.1.12.jar!/META-INF/services/org.semanticweb.owlapi.model.OWLOntologyManager
2020-01-15 16:36:34 DEBUG Injector:400 - Loading URL for service jar:file:/Users/ttania/.m2/repository/net/sourceforge/owlapi/owlapi-impl/5.1.12/owlapi-impl-5.1.12.jar!/META-INF/services/org.semanticweb.owlapi.model.OWLOntologyManager
2020-01-15 16:36:34 DEBUG Injector:400 - Loading URL for service jar:file:/Users/ttania/.m2/repository/net/sourceforge/owlapi/owlapi-distribution/5.1.12/owlapi-distribution-5.1.12.jar!/META-INF/services/org.semanticweb.owlapi.model.OWLOntologyManager
2020-01-15 16:36:34 DEBUG Injector:400 - Loading URL for service jar:file:/Users/ttania/.m2/repository/net/sourceforge/owlapi/owlapi-impl/5.1.12/owlapi-impl-5.1.12.jar!/META-INF/services/org.semanticweb.owlapi.model.OWLOntologyManager
2020-01-15 16:36:34 DEBUG Injector:307 - Loading file META-INF/services/org.semanticweb.owlapi.model.OWLDataFactory
2020-01-15 16:36:34 DEBUG Injector:400 - Loading URL for service jar:file:/Users/ttania/.m2/repository/net/sourceforge/owlapi/owlapi-distribution/5.1.12/owlapi-distribution-5.1.12.jar!/META-INF/services/org.semanticweb.owlapi.model.OWLDataFactory
2020-01-15 16:36:34 DEBUG Injector:400 - Loading URL for service jar:file:/Users/ttania/.m2/repository/net/sourceforge/owlapi/owlapi-impl/5.1.12/owlapi-impl-5.1.12.jar!/META-INF/services/org.semanticweb.owlapi.model.OWLDataFactory
2020-01-15 16:36:34 DEBUG Injector:400 - Loading URL for service jar:file:/Users/ttania/.m2/repository/net/sourceforge/owlapi/owlapi-distribution/5.1.12/owlapi-distribution-5.1.12.jar!/META-INF/services/org.semanticweb.owlapi.model.OWLDataFactory
2020-01-15 16:36:34 DEBUG Injector:400 - Loading URL for service jar:file:/Users/ttania/.m2/repository/net/sourceforge/owlapi/owlapi-impl/5.1.12/owlapi-impl-5.1.12.jar!/META-INF/services/org.semanticweb.owlapi.model.OWLDataFactory
2020-01-15 16:36:34 DEBUG Injector:400 - Loading URL for service jar:file:/Users/ttania/.m2/repository/net/sourceforge/owlapi/owlapi-distribution/5.1.12/owlapi-distribution-5.1.12.jar!/META-INF/services/org.semanticweb.owlapi.model.OWLDataFactory
2020-01-15 16:36:34 DEBUG Injector:400 - Loading URL for service jar:file:/Users/ttania/.m2/repository/net/sourceforge/owlapi/owlapi-impl/5.1.12/owlapi-impl-5.1.12.jar!/META-INF/services/org.semanticweb.owlapi.model.OWLDataFactory
2020-01-15 16:36:35 DEBUG Injector:189 - Injecting object uk.ac.manchester.cs.owl.owlapi.OWLOntologyManagerImpl@11a7ba62
2020-01-15 16:36:35 DEBUG Injector:307 - Loading file META-INF/services/org.semanticweb.owlapi.model.OWLOntologyIRIMapper
2020-01-15 16:36:35 DEBUG Injector:405 - No files found for META-INF/services/org.semanticweb.owlapi.model.OWLOntologyIRIMapper
2020-01-15 16:36:35 DEBUG Injector:217 - Injecting values [[]] on method public void uk.ac.manchester.cs.owl.owlapi.OWLOntologyManagerImpl.setIRIMappers(java.util.Set).
2020-01-15 16:36:35 DEBUG Injector:307 - Loading file META-INF/services/org.semanticweb.owlapi.io.OWLParserFactory
2020-01-15 16:36:35 DEBUG Injector:400 - Loading URL for service jar:file:/Users/ttania/.m2/repository/net/sourceforge/owlapi/owlapi-distribution/5.1.12/owlapi-distribution-5.1.12.jar!/META-INF/services/org.semanticweb.owlapi.io.OWLParserFactory
2020-01-15 16:36:35 DEBUG Injector:400 - Loading URL for service jar:file:/Users/ttania/.m2/repository/net/sourceforge/owlapi/owlapi-parsers/5.1.12/owlapi-parsers-5.1.12.jar!/META-INF/services/org.semanticweb.owlapi.io.OWLParserFactory
2020-01-15 16:36:35 DEBUG Injector:400 - Loading URL for service jar:file:/Users/ttania/.m2/repository/net/sourceforge/owlapi/owlapi-oboformat/5.1.12/owlapi-oboformat-5.1.12.jar!/META-INF/services/org.semanticweb.owlapi.io.OWLParserFactory
2020-01-15 16:36:35 DEBUG Injector:400 - Loading URL for service jar:file:/Users/ttania/.m2/repository/net/sourceforge/owlapi/owlapi-rio/5.1.12/owlapi-rio-5.1.12.jar!/META-INF/services/org.semanticweb.owlapi.io.OWLParserFactory
2020-01-15 16:36:35 DEBUG Injector:400 - Loading URL for service jar:file:/Users/ttania/.m2/repository/net/sourceforge/owlapi/owlapi-distribution/5.1.12/owlapi-distribution-5.1.12.jar!/META-INF/services/org.semanticweb.owlapi.io.OWLParserFactory
2020-01-15 16:36:35 DEBUG Injector:400 - Loading URL for service jar:file:/Users/ttania/.m2/repository/net/sourceforge/owlapi/owlapi-parsers/5.1.12/owlapi-parsers-5.1.12.jar!/META-INF/services/org.semanticweb.owlapi.io.OWLParserFactory
2020-01-15 16:36:35 DEBUG Injector:400 - Loading URL for service jar:file:/Users/ttania/.m2/repository/net/sourceforge/owlapi/owlapi-oboformat/5.1.12/owlapi-oboformat-5.1.12.jar!/META-INF/services/org.semanticweb.owlapi.io.OWLParserFactory
2020-01-15 16:36:35 DEBUG Injector:400 - Loading URL for service jar:file:/Users/ttania/.m2/repository/net/sourceforge/owlapi/owlapi-rio/5.1.12/owlapi-rio-5.1.12.jar!/META-INF/services/org.semanticweb.owlapi.io.OWLParserFactory
2020-01-15 16:36:35 DEBUG Injector:400 - Loading URL for service jar:file:/Users/ttania/.m2/repository/net/sourceforge/owlapi/owlapi-distribution/5.1.12/owlapi-distribution-5.1.12.jar!/META-INF/services/org.semanticweb.owlapi.io.OWLParserFactory
2020-01-15 16:36:35 DEBUG Injector:400 - Loading URL for service jar:file:/Users/ttania/.m2/repository/net/sourceforge/owlapi/owlapi-parsers/5.1.12/owlapi-parsers-5.1.12.jar!/META-INF/services/org.semanticweb.owlapi.io.OWLParserFactory
2020-01-15 16:36:35 DEBUG Injector:400 - Loading URL for service jar:file:/Users/ttania/.m2/repository/net/sourceforge/owlapi/owlapi-oboformat/5.1.12/owlapi-oboformat-5.1.12.jar!/META-INF/services/org.semanticweb.owlapi.io.OWLParserFactory
2020-01-15 16:36:35 DEBUG Injector:400 - Loading URL for service jar:file:/Users/ttania/.m2/repository/net/sourceforge/owlapi/owlapi-rio/5.1.12/owlapi-rio-5.1.12.jar!/META-INF/services/org.semanticweb.owlapi.io.OWLParserFactory
2020-01-15 16:36:35 DEBUG Injector:217 - Injecting values [[org.semanticweb.owlapi.krss2.parser.KRSS2OWLParserFactory@54f66455, org.semanticweb.owlapi.rdf.rdfxml.parser.RDFXMLParserFactory@6be25526, org.semanticweb.owlapi.rdf.turtle.parser.TurtleOntologyParserFactory@49a71302, org.semanticweb.owlapi.rio.RioTurtleParserFactory@48b22fd4, org.semanticweb.owlapi.rio.RioNTriplesParserFactory@7bb004b8, org.semanticweb.owlapi.rio.RioTrigParserFactory@656d10a4, org.semanticweb.owlapi.functional.parser.OWLFunctionalSyntaxOWLParserFactory@26e412ef, org.semanticweb.owlapi.dlsyntax.parser.DLSyntaxOWLParserFactory@9d200de, org.semanticweb.owlapi.rio.RioJsonLDParserFactory@771db12c, org.semanticweb.owlapi.rio.RioTrixParserFactory@7a344b65, org.semanticweb.owlapi.oboformat.OBOFormatOWLAPIParserFactory@cb0f763, org.semanticweb.owlapi.rio.RioN3ParserFactory@6bd16207, org.semanticweb.owlapi.rio.RioRDFaParserFactory@29c5ee1d, org.semanticweb.owlapi.rio.RioJsonParserFactory@3c017078, org.semanticweb.owlapi.manchestersyntax.parser.ManchesterOWLSyntaxOntologyParserFactory@5b2f8ab6, org.semanticweb.owlapi.owlxml.parser.OWLXMLParserFactory@769d513, org.semanticweb.owlapi.rio.RioRDFXMLParserFactory@1e6cc850, org.semanticweb.owlapi.rio.RioBinaryRdfParserFactory@5f303ecd, org.semanticweb.owlapi.rio.RioNQuadsParserFactory@46d8f407]] on method public void uk.ac.manchester.cs.owl.owlapi.OWLOntologyManagerImpl.setOntologyParsers(java.util.Set).
2020-01-15 16:36:35 DEBUG Injector:307 - Loading file META-INF/services/org.semanticweb.owlapi.model.OWLOntologyFactory
2020-01-15 16:36:35 DEBUG Injector:400 - Loading URL for service jar:file:/Users/ttania/.m2/repository/net/sourceforge/owlapi/owlapi-distribution/5.1.12/owlapi-distribution-5.1.12.jar!/META-INF/services/org.semanticweb.owlapi.model.OWLOntologyFactory
2020-01-15 16:36:35 DEBUG Injector:400 - Loading URL for service jar:file:/Users/ttania/.m2/repository/net/sourceforge/owlapi/owlapi-impl/5.1.12/owlapi-impl-5.1.12.jar!/META-INF/services/org.semanticweb.owlapi.model.OWLOntologyFactory
2020-01-15 16:36:35 DEBUG Injector:400 - Loading URL for service jar:file:/Users/ttania/.m2/repository/net/sourceforge/owlapi/owlapi-distribution/5.1.12/owlapi-distribution-5.1.12.jar!/META-INF/services/org.semanticweb.owlapi.model.OWLOntologyFactory
2020-01-15 16:36:35 DEBUG Injector:400 - Loading URL for service jar:file:/Users/ttania/.m2/repository/net/sourceforge/owlapi/owlapi-impl/5.1.12/owlapi-impl-5.1.12.jar!/META-INF/services/org.semanticweb.owlapi.model.OWLOntologyFactory
2020-01-15 16:36:35 DEBUG Injector:400 - Loading URL for service jar:file:/Users/ttania/.m2/repository/net/sourceforge/owlapi/owlapi-distribution/5.1.12/owlapi-distribution-5.1.12.jar!/META-INF/services/org.semanticweb.owlapi.model.OWLOntologyFactory
2020-01-15 16:36:35 DEBUG Injector:400 - Loading URL for service jar:file:/Users/ttania/.m2/repository/net/sourceforge/owlapi/owlapi-impl/5.1.12/owlapi-impl-5.1.12.jar!/META-INF/services/org.semanticweb.owlapi.model.OWLOntologyFactory
2020-01-15 16:36:35 DEBUG Injector:217 - Injecting values [[uk.ac.manchester.cs.owl.owlapi.OWLOntologyFactoryImpl@545607f2]] on method public void uk.ac.manchester.cs.owl.owlapi.OWLOntologyManagerImpl.setOntologyFactories(java.util.Set).
2020-01-15 16:36:35 DEBUG Injector:307 - Loading file META-INF/services/org.semanticweb.owlapi.model.OWLStorerFactory
2020-01-15 16:36:35 DEBUG Injector:400 - Loading URL for service jar:file:/Users/ttania/.m2/repository/net/sourceforge/owlapi/owlapi-distribution/5.1.12/owlapi-distribution-5.1.12.jar!/META-INF/services/org.semanticweb.owlapi.model.OWLStorerFactory
2020-01-15 16:36:35 DEBUG Injector:400 - Loading URL for service jar:file:/Users/ttania/.m2/repository/net/sourceforge/owlapi/owlapi-parsers/5.1.12/owlapi-parsers-5.1.12.jar!/META-INF/services/org.semanticweb.owlapi.model.OWLStorerFactory
2020-01-15 16:36:35 DEBUG Injector:400 - Loading URL for service jar:file:/Users/ttania/.m2/repository/net/sourceforge/owlapi/owlapi-oboformat/5.1.12/owlapi-oboformat-5.1.12.jar!/META-INF/services/org.semanticweb.owlapi.model.OWLStorerFactory
2020-01-15 16:36:35 DEBUG Injector:400 - Loading URL for service jar:file:/Users/ttania/.m2/repository/net/sourceforge/owlapi/owlapi-rio/5.1.12/owlapi-rio-5.1.12.jar!/META-INF/services/org.semanticweb.owlapi.model.OWLStorerFactory
2020-01-15 16:36:35 DEBUG Injector:400 - Loading URL for service jar:file:/Users/ttania/.m2/repository/net/sourceforge/owlapi/owlapi-distribution/5.1.12/owlapi-distribution-5.1.12.jar!/META-INF/services/org.semanticweb.owlapi.model.OWLStorerFactory
2020-01-15 16:36:35 DEBUG Injector:400 - Loading URL for service jar:file:/Users/ttania/.m2/repository/net/sourceforge/owlapi/owlapi-parsers/5.1.12/owlapi-parsers-5.1.12.jar!/META-INF/services/org.semanticweb.owlapi.model.OWLStorerFactory
2020-01-15 16:36:35 DEBUG Injector:400 - Loading URL for service jar:file:/Users/ttania/.m2/repository/net/sourceforge/owlapi/owlapi-oboformat/5.1.12/owlapi-oboformat-5.1.12.jar!/META-INF/services/org.semanticweb.owlapi.model.OWLStorerFactory
2020-01-15 16:36:35 DEBUG Injector:400 - Loading URL for service jar:file:/Users/ttania/.m2/repository/net/sourceforge/owlapi/owlapi-rio/5.1.12/owlapi-rio-5.1.12.jar!/META-INF/services/org.semanticweb.owlapi.model.OWLStorerFactory
2020-01-15 16:36:35 DEBUG Injector:400 - Loading URL for service jar:file:/Users/ttania/.m2/repository/net/sourceforge/owlapi/owlapi-distribution/5.1.12/owlapi-distribution-5.1.12.jar!/META-INF/services/org.semanticweb.owlapi.model.OWLStorerFactory
2020-01-15 16:36:35 DEBUG Injector:400 - Loading URL for service jar:file:/Users/ttania/.m2/repository/net/sourceforge/owlapi/owlapi-parsers/5.1.12/owlapi-parsers-5.1.12.jar!/META-INF/services/org.semanticweb.owlapi.model.OWLStorerFactory
2020-01-15 16:36:35 DEBUG Injector:400 - Loading URL for service jar:file:/Users/ttania/.m2/repository/net/sourceforge/owlapi/owlapi-oboformat/5.1.12/owlapi-oboformat-5.1.12.jar!/META-INF/services/org.semanticweb.owlapi.model.OWLStorerFactory
2020-01-15 16:36:35 DEBUG Injector:400 - Loading URL for service jar:file:/Users/ttania/.m2/repository/net/sourceforge/owlapi/owlapi-rio/5.1.12/owlapi-rio-5.1.12.jar!/META-INF/services/org.semanticweb.owlapi.model.OWLStorerFactory
2020-01-15 16:36:35 DEBUG Injector:217 - Injecting values [[org.semanticweb.owlapi.rio.RioTurtleStorerFactory@15bc339, org.semanticweb.owlapi.functional.renderer.FunctionalSyntaxStorerFactory@7fc645e4, org.semanticweb.owlapi.dlsyntax.renderer.DLSyntaxHTMLStorerFactory@7cab1508, org.semanticweb.owlapi.latex.renderer.LatexStorerFactory@2301b75, org.semanticweb.owlapi.rio.RioNQuadsStorerFactory@37c2eacb, org.semanticweb.owlapi.rio.RioRDFXMLStorerFactory@32b9bd12, org.semanticweb.owlapi.owlxml.renderer.OWLXMLStorerFactory@385ef531, org.semanticweb.owlapi.rdf.turtle.renderer.TurtleStorerFactory@3cbcd8f3, org.semanticweb.owlapi.rio.RioBinaryRdfStorerFactory@6e106680, org.semanticweb.owlapi.oboformat.OBOFormatStorerFactory@258ee7de, org.semanticweb.owlapi.rio.RioJsonStorerFactory@55ecbafe, org.semanticweb.owlapi.rio.RioNTriplesStorerFactory@232cce0, org.semanticweb.owlapi.rio.RioTrigStorerFactory@352e787a, org.semanticweb.owlapi.manchestersyntax.renderer.ManchesterSyntaxStorerFactory@205b132e, org.semanticweb.owlapi.rio.RioN3StorerFactory@5a8ba37c, org.semanticweb.owlapi.rdf.rdfxml.renderer.RDFXMLStorerFactory@7e75bf2d, org.semanticweb.owlapi.rio.RioJsonLDStorerFactory@576c5536, org.semanticweb.owlapi.krss2.renderer.KRSS2OWLSyntaxStorerFactory@73044cdf, org.semanticweb.owlapi.dlsyntax.renderer.DLSyntaxStorerFactory@6a84bc3f, org.semanticweb.owlapi.rio.RioTrixStorerFactory@159a48a6]] on method public void uk.ac.manchester.cs.owl.owlapi.OWLOntologyManagerImpl.setOntologyStorers(java.util.Set).
2020-01-15 16:36:35 INFO  ICD2OWLExporter:132 - Started the ICD export
2020-01-15 16:36:35 INFO  ICD2OWLExporter:133 - Top class: AC 'Lung infections'
2020-01-15 16:36:35 INFO  ICD2OWLExporter:134 - Output file: /Users/ttania/work/projects/icd-fma-mapping/_running/icd-export-chapterx-test1.owl
2020-01-15 16:36:35 WARN  ExcludedClasses:62 - Could not find excluded class: http://who.int/ictm#1428_63a13dac_fbb6_4e21_9a3c_f0e312d405a2
2020-01-15 16:36:37 WARN  PublicIdCache:23 - Null public ID for DefaultOWLNamedClass(http://who.int/icd#10570_50386928_6006_4348_a328_081264332c05)
2020-01-15 16:36:39 INFO  ICD2OWLExporter:180 - Imported 100 classes.	 Last imported class: DefaultOWLNamedClass(http://who.int/icd#J09.0) 	 on Wed Jan 15 16:36:39 EET 2020
2020-01-15 16:36:43 INFO  ICD2OWLExporter:180 - Imported 200 classes.	 Last imported class: DefaultOWLNamedClass(http://who.int/icd#20792_fba2e671_3f12_4bbe_b446_34f816e9708a) 	 on Wed Jan 15 16:36:43 EET 2020
2020-01-15 16:36:46 INFO  ICD2OWLExporter:145 - Ended ICD export
2020-01-15 16:36:46 INFO  ICD2OWLExporter:101 - Add missing titles for logical definition fillers ..
2020-01-15 16:36:46 WARN  MissingTitleAdder:49 - Did not add title for <http://id.who.int/icd/schema/b66fcdab-aab2-4e34-8b43-67862fc322d2> because did cls has no title. Cls = <http://id.who.int/icd/entity/1674014893>
2020-01-15 16:36:46 WARN  MissingTitleAdder:49 - Did not add title for <http://id.who.int/icd/schema/bcffc877-48bb-455e-95e1-c472b9f83c2b> because did cls has no title. Cls = <http://id.who.int/icd/entity/655959100>
2020-01-15 16:36:46 INFO  ICD2OWLExporter:126 - 
===== End export at Wed Jan 15 16:36:46 EET 2020
